# JRE version: OpenJDK Runtime Environment Microsoft-8035246 (17.0.8+7) (build 17.0.8+7-LTS)
# Java VM: OpenJDK 64-Bit Server VM Microsoft-8035246 (17.0.8+7-LTS, mixed mode, sharing, tiered, compressed oops, compressed class ptrs, g1 gc, windows-amd64)
GC Precious Log:
 CPUs: 4 total, 4 available
 Memory: 6017M
 Large Page Support: Disabled
 NUMA Support: Disabled
 Compressed Oops: Enabled (32-bit)
 Heap Region Size: 1M
 Heap Min Capacity: 8M
 Heap Initial Capacity: 96M
 Heap Max Capacity: 2G
 Pre-touch: Disabled
 Parallel Workers: 4
 Concurrent Workers: 1
 Concurrent Refinement Workers: 4
 Periodic GC: Disabled
Heap:
 garbage-first heap   total 290816K, used 193271K [0x0000000080000000, 0x0000000100000000)
  region size 1024K, 28 young (28672K), 7 survivors (7168K)
 Metaspace       used 111898K, committed 112960K, reserved 557056K
  class space    used 15383K, committed 15872K, reserved 425984K
GC Heap History (20 events):
Event: 79.845 GC heap before
{Heap before GC invocations=53 (full 0):
 garbage-first heap   total 145408K, used 115652K [0x0000000080000000, 0x0000000100000000)
  region size 1024K, 23 young (23552K), 2 survivors (2048K)
 Metaspace       used 88044K, committed 88832K, reserved 557056K
  class space    used 12054K, committed 12416K, reserved 425984K
}
Event: 79.849 GC heap after
{Heap after GC invocations=54 (full 0):
 garbage-first heap   total 145408K, used 95887K [0x0000000080000000, 0x0000000100000000)
  region size 1024K, 2 young (2048K), 2 survivors (2048K)
 Metaspace       used 88044K, committed 88832K, reserved 557056K
  class space    used 12054K, committed 12416K, reserved 425984K
}
Event: 80.227 GC heap before
{Heap before GC invocations=54 (full 0):
 garbage-first heap   total 145408K, used 118415K [0x0000000080000000, 0x0000000100000000)
  region size 1024K, 25 young (25600K), 2 survivors (2048K)
 Metaspace       used 89843K, committed 90624K, reserved 557056K
  class space    used 12279K, committed 12608K, reserved 425984K
}
Event: 80.231 GC heap after
{Heap after GC invocations=55 (full 0):
 garbage-first heap   total 145408K, used 96911K [0x0000000080000000, 0x0000000100000000)
  region size 1024K, 3 young (3072K), 3 survivors (3072K)
 Metaspace       used 89843K, committed 90624K, reserved 557056K
  class space    used 12279K, committed 12608K, reserved 425984K
}
Event: 80.708 GC heap before
{Heap before GC invocations=55 (full 0):
 garbage-first heap   total 145408K, used 120463K [0x0000000080000000, 0x0000000100000000)
  region size 1024K, 26 young (26624K), 3 survivors (3072K)
 Metaspace       used 90273K, committed 91072K, reserved 557056K
  class space    used 12359K, committed 12736K, reserved 425984K
}
Event: 80.716 GC heap after
{Heap after GC invocations=56 (full 0):
 garbage-first heap   total 145408K, used 98122K [0x0000000080000000, 0x0000000100000000)
  region size 1024K, 4 young (4096K), 4 survivors (4096K)
 Metaspace       used 90273K, committed 91072K, reserved 557056K
  class space    used 12359K, committed 12736K, reserved 425984K
}
Event: 84.725 GC heap before
{Heap before GC invocations=56 (full 0):
 garbage-first heap   total 145408K, used 120650K [0x0000000080000000, 0x0000000100000000)
  region size 1024K, 26 young (26624K), 4 survivors (4096K)
 Metaspace       used 90473K, committed 91200K, reserved 557056K
  class space    used 12385K, committed 12736K, reserved 425984K
}
Event: 84.733 GC heap after
{Heap after GC invocations=57 (full 0):
 garbage-first heap   total 290816K, used 100290K [0x0000000080000000, 0x0000000100000000)
  region size 1024K, 4 young (4096K), 4 survivors (4096K)
 Metaspace       used 90473K, committed 91200K, reserved 557056K
  class space    used 12385K, committed 12736K, reserved 425984K
}
Event: 89.510 GC heap before
{Heap before GC invocations=57 (full 0):
 garbage-first heap   total 290816K, used 218050K [0x0000000080000000, 0x0000000100000000)
  region size 1024K, 119 young (121856K), 4 survivors (4096K)
 Metaspace       used 98167K, committed 98944K, reserved 557056K
  class space    used 13618K, committed 13952K, reserved 425984K
}
Event: 89.528 GC heap after
{Heap after GC invocations=58 (full 0):
 garbage-first heap   total 290816K, used 104969K [0x0000000080000000, 0x0000000100000000)
  region size 1024K, 8 young (8192K), 8 survivors (8192K)
 Metaspace       used 98167K, committed 98944K, reserved 557056K
  class space    used 13618K, committed 13952K, reserved 425984K
}
Event: 102.829 GC heap before
{Heap before GC invocations=58 (full 0):
 garbage-first heap   total 290816K, used 232969K [0x0000000080000000, 0x0000000100000000)
  region size 1024K, 128 young (131072K), 8 survivors (8192K)
 Metaspace       used 101141K, committed 102144K, reserved 557056K
  class space    used 14023K, committed 14464K, reserved 425984K
}
Event: 102.863 GC heap after
{Heap after GC invocations=59 (full 0):
 garbage-first heap   total 290816K, used 133962K [0x0000000080000000, 0x0000000100000000)
  region size 1024K, 16 young (16384K), 16 survivors (16384K)
 Metaspace       used 101141K, committed 102144K, reserved 557056K
  class space    used 14023K, committed 14464K, reserved 425984K
}
Event: 110.554 GC heap before
{Heap before GC invocations=59 (full 0):
 garbage-first heap   total 290816K, used 228170K [0x0000000080000000, 0x0000000100000000)
  region size 1024K, 107 young (109568K), 16 survivors (16384K)
 Metaspace       used 105263K, committed 106240K, reserved 557056K
  class space    used 14530K, committed 14976K, reserved 425984K
}
Event: 110.583 GC heap after
{Heap after GC invocations=60 (full 0):
 garbage-first heap   total 290816K, used 151028K [0x0000000080000000, 0x0000000100000000)
  region size 1024K, 14 young (14336K), 14 survivors (14336K)
 Metaspace       used 105263K, committed 106240K, reserved 557056K
  class space    used 14530K, committed 14976K, reserved 425984K
}
Event: 114.297 GC heap before
{Heap before GC invocations=60 (full 0):
 garbage-first heap   total 290816K, used 228852K [0x0000000080000000, 0x0000000100000000)
  region size 1024K, 90 young (92160K), 14 survivors (14336K)
 Metaspace       used 109707K, committed 110720K, reserved 557056K
  class space    used 15148K, committed 15616K, reserved 425984K
}
Event: 114.331 GC heap after
{Heap after GC invocations=61 (full 0):
 garbage-first heap   total 290816K, used 157184K [0x0000000080000000, 0x0000000100000000)
  region size 1024K, 7 young (7168K), 7 survivors (7168K)
 Metaspace       used 109707K, committed 110720K, reserved 557056K
  class space    used 15148K, committed 15616K, reserved 425984K
}
Event: 116.103 GC heap before
{Heap before GC invocations=61 (full 0):
 garbage-first heap   total 290816K, used 232960K [0x0000000080000000, 0x0000000100000000)
  region size 1024K, 81 young (82944K), 7 survivors (7168K)
 Metaspace       used 110731K, committed 111808K, reserved 557056K
  class space    used 15245K, committed 15744K, reserved 425984K
}
Event: 116.130 GC heap after
{Heap after GC invocations=62 (full 0):
 garbage-first heap   total 290816K, used 165888K [0x0000000080000000, 0x0000000100000000)
  region size 1024K, 8 young (8192K), 8 survivors (8192K)
 Metaspace       used 110731K, committed 111808K, reserved 557056K
  class space    used 15245K, committed 15744K, reserved 425984K
}
Event: 119.535 GC heap before
{Heap before GC invocations=62 (full 0):
 garbage-first heap   total 290816K, used 236544K [0x0000000080000000, 0x0000000100000000)
  region size 1024K, 77 young (78848K), 8 survivors (8192K)
 Metaspace       used 111875K, committed 112960K, reserved 557056K
  class space    used 15383K, committed 15872K, reserved 425984K
}
Event: 119.557 GC heap after
{Heap after GC invocations=63 (full 0):
 garbage-first heap   total 290816K, used 172791K [0x0000000080000000, 0x0000000100000000)
  region size 1024K, 7 young (7168K), 7 survivors (7168K)
 Metaspace       used 111875K, committed 112960K, reserved 557056K
  class space    used 15383K, committed 15872K, reserved 425984K
}

